Building DAG of jobs...
Using shell: /usr/bin/bash
Provided cores: 4
Rules claiming more threads will be scaled down.
Provided resources: mem_mb=60000, mem_mib=57221, disk_mb=1000, disk_mib=954
Select jobs to execute...

[Wed Oct 11 10:02:07 2023]
Job 0:  --- Running Rscript to plot the genome-wide distribution of coverage --- 
Reason: Missing output files: depth/stats/depth_statistics.tsv


    Rscript scripts/read_depth.R list/depth.list depth/stats/depth_statistics.tsv 2> log/depth_statistics.log 
    
[1] "/gpfs/gpfs1/scratch/c7701178/mach2/DAPHNIA/Daphnia_RestEggs_4lakes_smk_slurm"
                                                         bamfile
1             54058_ID1725_2-B-9S_S1_L001.realigned.bam.depth.gz
2           54059_ID1725_10-B-31A_S2_L001.realigned.bam.depth.gz
3           54060_ID1725_11-B-32S_S3_L001.realigned.bam.depth.gz
4           54061_ID1725_14-B-35S_S4_L001.realigned.bam.depth.gz
5           54062_ID1725_27-B-53S_S5_L001.realigned.bam.depth.gz
6           54063_ID1725_38-B-68S_S6_L001.realigned.bam.depth.gz
7           54064_ID1725_41-B-75S_S7_L001.realigned.bam.depth.gz
8           54066_ID1725_45-B-86B_S9_L001.realigned.bam.depth.gz
9          54067_ID1725_48-B-91S_S10_L001.realigned.bam.depth.gz
10         54068_ID1725_49-B-93S_S11_L001.realigned.bam.depth.gz
11           54076_ID1725_1-B-6S_S19_L001.realigned.bam.depth.gz
12          54077_ID1725_3-B-10S_S20_L001.realigned.bam.depth.gz
13          54078_ID1725_4-B-11S_S21_L001.realigned.bam.depth.gz
14          54079_ID1725_5-B-20S_S22_L001.realigned.bam.depth.gz
15          54080_ID1725_6-B-24S_S23_L001.realigned.bam.depth.gz
16          54081_ID1725_7-B-28S_S24_L001.realigned.bam.depth.gz
17          54082_ID1725_8-B-29S_S25_L001.realigned.bam.depth.gz
18          54083_ID1725_9-B-30S_S26_L001.realigned.bam.depth.gz
19         54084_ID1725_12-B-33S_S27_L001.realigned.bam.depth.gz
20         54085_ID1725_15-B-36B_S28_L001.realigned.bam.depth.gz
21         54086_ID1725_16-B-37S_S29_L001.realigned.bam.depth.gz
22         54087_ID1725_24-B-48S_S30_L001.realigned.bam.depth.gz
23         54088_ID1725_26-B-51S_S31_L001.realigned.bam.depth.gz
24         54091_ID1725_46-B-87S_S34_L001.realigned.bam.depth.gz
25         54092_ID1725_47-B-88A_S35_L001.realigned.bam.depth.gz
26        54095_ID1725_59-B-129S_S38_L001.realigned.bam.depth.gz
27        54096_ID1725_60-B-130S_S39_L001.realigned.bam.depth.gz
28         54098_ID1725_17-B-39S_S41_L001.realigned.bam.depth.gz
29         54099_ID1725_18-B-40S_S42_L001.realigned.bam.depth.gz
30         54100_ID1725_19-B-41S_S43_L001.realigned.bam.depth.gz
31         54101_ID1725_20-B-42S_S44_L001.realigned.bam.depth.gz
32         54102_ID1725_21-B-44A_S45_L001.realigned.bam.depth.gz
33         54103_ID1725_22-B-45B_S46_L001.realigned.bam.depth.gz
34         54104_ID1725_23-B-47S_S47_L001.realigned.bam.depth.gz
35         54105_ID1725_25-B-49A_S48_L001.realigned.bam.depth.gz
36         54106_ID1725_28-B-55S_S49_L001.realigned.bam.depth.gz
37         54107_ID1725_29-B-56S_S50_L001.realigned.bam.depth.gz
38         54108_ID1725_30-B-57B_S51_L001.realigned.bam.depth.gz
39         54109_ID1725_31-B-58A_S52_L001.realigned.bam.depth.gz
40         54110_ID1725_32-B-60B_S53_L001.realigned.bam.depth.gz
41         54111_ID1725_33-B-61S_S54_L001.realigned.bam.depth.gz
42         54112_ID1725_34-B-62A_S55_L001.realigned.bam.depth.gz
43         54113_ID1725_35-B-64S_S56_L001.realigned.bam.depth.gz
44         54114_ID1725_36-B-65S_S57_L001.realigned.bam.depth.gz
45         54115_ID1725_37-B-66S_S58_L001.realigned.bam.depth.gz
46         54117_ID1725_44-B-81S_S60_L001.realigned.bam.depth.gz
47    70306_ID2138_2_BO17_258_S_S108_L001.realigned.bam.depth.gz
48    70307_ID2138_3_BO17_263_S_S109_L001.realigned.bam.depth.gz
49    70308_ID2138_4_BO17_265_S_S110_L001.realigned.bam.depth.gz
50    70309_ID2138_5_BO17_268_S_S111_L001.realigned.bam.depth.gz
51    70310_ID2138_6_BO17_344_A_S112_L001.realigned.bam.depth.gz
52    70311_ID2138_7_BO17_509_S_S113_L001.realigned.bam.depth.gz
53    70313_ID2138_9_ZU19_004_S_S115_L001.realigned.bam.depth.gz
54   70314_ID2138_10_ZU19_013_A_S116_L001.realigned.bam.depth.gz
55   70315_ID2138_11_ZU19_030_S_S117_L001.realigned.bam.depth.gz
56   70316_ID2138_12_ZU19_031_A_S118_L001.realigned.bam.depth.gz
57   70317_ID2138_13_ZU19_100_B_S119_L001.realigned.bam.depth.gz
58   70318_ID2138_14_ZU19_110_S_S120_L001.realigned.bam.depth.gz
59    70320_ID2138_16_ZU19_87_S_S122_L001.realigned.bam.depth.gz
60    70321_ID2138_17_ZU19_90_S_S123_L001.realigned.bam.depth.gz
61    70322_ID2138_18_ZU19_41_A_S124_L001.realigned.bam.depth.gz
62    70324_ID2138_20_BO17_241_S_S56_L001.realigned.bam.depth.gz
63    70325_ID2138_21_BO17_252_A_S57_L001.realigned.bam.depth.gz
64    70326_ID2138_22_BO17_256_S_S58_L001.realigned.bam.depth.gz
65    70327_ID2138_23_BO17_257_S_S59_L001.realigned.bam.depth.gz
66    70328_ID2138_24_BO17_282_S_S60_L001.realigned.bam.depth.gz
67    70329_ID2138_25_BO17_286_S_S61_L001.realigned.bam.depth.gz
68    70330_ID2138_26_BO17_288_S_S62_L001.realigned.bam.depth.gz
69    70331_ID2138_27_BO17_315_S_S63_L001.realigned.bam.depth.gz
70    70332_ID2138_28_BO17_325_A_S64_L001.realigned.bam.depth.gz
71    70333_ID2138_29_BO17_344_B_S65_L001.realigned.bam.depth.gz
72    70334_ID2138_30_BO17_526_S_S66_L001.realigned.bam.depth.gz
73    70335_ID2138_31_BO17_511_S_S67_L001.realigned.bam.depth.gz
74    70336_ID2138_32_BO17_510_A_S68_L001.realigned.bam.depth.gz
75    70338_ID2138_34_ZU19_001_B_S70_L001.realigned.bam.depth.gz
76    70339_ID2138_35_ZU19_005_A_S71_L001.realigned.bam.depth.gz
77    70341_ID2138_37_ZU19_020_B_S73_L001.realigned.bam.depth.gz
78    70343_ID2138_39_ZU19_035_B_S75_L001.realigned.bam.depth.gz
79    70344_ID2138_40_ZU19_099_S_S76_L001.realigned.bam.depth.gz
80     70345_ID2138_41_ZU19_96_B_S77_L001.realigned.bam.depth.gz
81    70346_ID2138_42_ZU19_101_S_S78_L001.realigned.bam.depth.gz
82    70347_ID2138_43_ZU19_109_S_S79_L001.realigned.bam.depth.gz
83     70348_ID2138_44_ZU19_83_B_S80_L001.realigned.bam.depth.gz
84    70349_ID2138_45_ZU19_016_B_S81_L001.realigned.bam.depth.gz
85    70350_ID2138_46_ZU19_051_A_S82_L001.realigned.bam.depth.gz
86    70352_ID2138_48_ZU19_061_S_S84_L001.realigned.bam.depth.gz
87    70353_ID2138_49_ZU19_028_S_S85_L001.realigned.bam.depth.gz
88    70354_ID2138_50_ZU19_097_B_S86_L001.realigned.bam.depth.gz
89    70355_ID2138_51_BO21_531_S_S87_L001.realigned.bam.depth.gz
90   70358_ID2138_54_BO17_240_S_S128_L001.realigned.bam.depth.gz
91   70359_ID2138_55_BO17_244_S_S129_L001.realigned.bam.depth.gz
92   70360_ID2138_56_BO17_246_S_S130_L001.realigned.bam.depth.gz
93   70361_ID2138_57_BO17_248_S_S131_L001.realigned.bam.depth.gz
94   70362_ID2138_58_BO17_253_S_S132_L001.realigned.bam.depth.gz
95   70363_ID2138_59_BO17_264_S_S133_L001.realigned.bam.depth.gz
96   70364_ID2138_60_BO17_270_S_S134_L001.realigned.bam.depth.gz
97   70365_ID2138_61_BO17_287_S_S135_L001.realigned.bam.depth.gz
98   70366_ID2138_62_BO17_290_S_S136_L001.realigned.bam.depth.gz
99   70367_ID2138_63_BO17_292_S_S137_L001.realigned.bam.depth.gz
100  70368_ID2138_64_BO17_294_S_S138_L001.realigned.bam.depth.gz
101  70370_ID2138_66_BO17_298_S_S140_L001.realigned.bam.depth.gz
102  70371_ID2138_67_BO17_301_S_S141_L001.realigned.bam.depth.gz
103  70372_ID2138_68_BO17_303_S_S142_L001.realigned.bam.depth.gz
104  70373_ID2138_69_BO17_305_S_S143_L001.realigned.bam.depth.gz
105  70374_ID2138_70_BO17_306_S_S144_L001.realigned.bam.depth.gz
106  70375_ID2138_71_BO17_307_S_S145_L001.realigned.bam.depth.gz
107  70376_ID2138_72_BO17_312_S_S146_L001.realigned.bam.depth.gz
108  70377_ID2138_73_BO17_316_S_S147_L001.realigned.bam.depth.gz
109  70378_ID2138_74_BO17_318_S_S148_L001.realigned.bam.depth.gz
110  70379_ID2138_75_BO17_323_S_S149_L001.realigned.bam.depth.gz
111  70380_ID2138_76_BO17_324_S_S150_L001.realigned.bam.depth.gz
112  70382_ID2138_78_BO17_342_B_S152_L001.realigned.bam.depth.gz
113  70383_ID2138_79_BO17_343_B_S153_L001.realigned.bam.depth.gz
114  70384_ID2138_80_BO17_338_B_S154_L001.realigned.bam.depth.gz
115  70385_ID2138_81_BO17_348_A_S155_L001.realigned.bam.depth.gz
116  70387_ID2138_83_BO17_512_S_S157_L001.realigned.bam.depth.gz
117  70390_ID2138_86_BO17_281_S_S160_L001.realigned.bam.depth.gz
118  70392_ID2138_88_ZU19_082_S_S162_L001.realigned.bam.depth.gz
119   70393_ID2138_89_ZU19_72_S_S163_L001.realigned.bam.depth.gz
120   70395_ID2138_91_ZU19_91_S_S165_L001.realigned.bam.depth.gz
121   70396_ID2138_92_ZU19_42_S_S166_L001.realigned.bam.depth.gz
122  70398_ID2138_94_ZU19_006_S_S168_L001.realigned.bam.depth.gz
123  70399_ID2138_95_ZU19_007_S_S169_L001.realigned.bam.depth.gz
124  70400_ID2138_96_ZU19_044_B_S170_L001.realigned.bam.depth.gz
125  70401_ID2138_97_ZU19_096_A_S171_L001.realigned.bam.depth.gz
126  70402_ID2138_98_BO21_532_S_S172_L001.realigned.bam.depth.gz
127  70403_ID2138_99_BO17_249_S_S173_L001.realigned.bam.depth.gz
128 70404_ID2138_100_BO17_260_S_S174_L001.realigned.bam.depth.gz
129 70405_ID2138_101_BO17_266_S_S175_L001.realigned.bam.depth.gz
130 70406_ID2138_102_BO17_273_S_S176_L001.realigned.bam.depth.gz
131 70407_ID2138_103_BO17_276_S_S177_L001.realigned.bam.depth.gz
132 70408_ID2138_104_BO17_277_S_S178_L001.realigned.bam.depth.gz
133 70409_ID2138_105_BO17_279_S_S179_L001.realigned.bam.depth.gz
134 70410_ID2138_106_BO17_283_S_S180_L001.realigned.bam.depth.gz
135 70411_ID2138_107_BO17_284_S_S181_L001.realigned.bam.depth.gz
136 70412_ID2138_108_BO17_297_S_S182_L001.realigned.bam.depth.gz
137 70413_ID2138_109_BO17_300_S_S183_L001.realigned.bam.depth.gz
138 70414_ID2138_110_BO17_304_S_S184_L001.realigned.bam.depth.gz
139 70415_ID2138_111_BO17_317_S_S185_L001.realigned.bam.depth.gz
140 70416_ID2138_112_BO17_321_S_S186_L001.realigned.bam.depth.gz
141 70417_ID2138_113_BO17_262_S_S187_L001.realigned.bam.depth.gz
142  70420_ID2138_116_ZU19_92_B_S190_L001.realigned.bam.depth.gz
143 70421_ID2138_117_ZU19_046_B_S191_L001.realigned.bam.depth.gz
144  70422_ID2138_118_BO17_272_S_S43_L001.realigned.bam.depth.gz
145  70423_ID2138_119_BO17_308_S_S44_L001.realigned.bam.depth.gz
146  70424_ID2138_120_BO17_319_S_S45_L001.realigned.bam.depth.gz
147  70425_ID2138_121_BO17_320_S_S46_L001.realigned.bam.depth.gz
148  70426_ID2138_122_BO17_280_S_S47_L001.realigned.bam.depth.gz
149  70427_ID2138_123_BO17_336_S_S48_L001.realigned.bam.depth.gz
150  70428_ID2138_124_BO17_332_A_S49_L001.realigned.bam.depth.gz
151  70429_ID2138_125_BO17_333_S_S50_L001.realigned.bam.depth.gz
152  70430_ID2138_126_BO17_334_S_S51_L001.realigned.bam.depth.gz
153          79051_ID2350_36-DL12_S4_L001.realigned.bam.depth.gz
154          79052_ID2350_35-DL10_S5_L001.realigned.bam.depth.gz
155          79053_ID2350_21-DL40_S6_L001.realigned.bam.depth.gz
156          79054_ID2350_25-DL22_S7_L001.realigned.bam.depth.gz
157          79055_ID2350_30-DL20_S8_L001.realigned.bam.depth.gz
158           79056_ID2350_14-DL6_S9_L001.realigned.bam.depth.gz
159         79057_ID2350_12-DL35_S10_L001.realigned.bam.depth.gz
160         79058_ID2350_34-DC24_S11_L001.realigned.bam.depth.gz
161          79059_ID2350_31-DC8_S12_L001.realigned.bam.depth.gz
162         79060_ID2350_24-DC21_S13_L001.realigned.bam.depth.gz
163          79061_ID2350_2-DC15_S14_L001.realigned.bam.depth.gz
164         79062_ID2350_33-M6dl_S15_L001.realigned.bam.depth.gz
165         79063_ID2350_26-M9dl_S16_L001.realigned.bam.depth.gz
166          79064_ID2350_3-M7dl_S17_L001.realigned.bam.depth.gz
167        79065_ID2350_17-M13dl_S18_L001.realigned.bam.depth.gz
168         79066_ID2350_29-M3dl_S19_L001.realigned.bam.depth.gz
169         79067_ID2350_11-M2dl_S20_L001.realigned.bam.depth.gz
170         79068_ID2350_1-M16dl_S21_L001.realigned.bam.depth.gz
171         79069_ID2350_5-M20dl_S22_L001.realigned.bam.depth.gz
172         79070_ID2350_9-M15dl_S23_L001.realigned.bam.depth.gz
173         79071_ID2350_8-M12dl_S24_L001.realigned.bam.depth.gz
174          79072_ID2350_16-DL3_S25_L001.realigned.bam.depth.gz
175         79073_ID2350_15-DL16_S26_L001.realigned.bam.depth.gz
176         79074_ID2350_32-DL19_S27_L001.realigned.bam.depth.gz
177         79075_ID2350_18-DL26_S28_L001.realigned.bam.depth.gz
178         79076_ID2350_23-DL18_S29_L001.realigned.bam.depth.gz
179         79077_ID2350_13-DL31_S30_L001.realigned.bam.depth.gz
180         79078_ID2350_10-DL17_S31_L001.realigned.bam.depth.gz
181           79079_ID2350_4-DL7_S32_L001.realigned.bam.depth.gz
182           79080_ID2350_7-DL2_S33_L001.realigned.bam.depth.gz
183         79081_ID2350_22-DC29_S34_L001.realigned.bam.depth.gz
184         79082_ID2350_20-DC13_S35_L001.realigned.bam.depth.gz
185         79083_ID2350_28-DC36_S36_L001.realigned.bam.depth.gz
186         79084_ID2350_19-DC14_S37_L001.realigned.bam.depth.gz
187         79085_ID2350_6-M19dl_S38_L001.realigned.bam.depth.gz
188          79086_ID2350_27-DL4_S39_L001.realigned.bam.depth.gz
189        79531_ID2376_1-00175_S146_L004.realigned.bam.depth.gz
190        79532_ID2376_2-00177_S147_L004.realigned.bam.depth.gz
191        79533_ID2376_3-00184_S148_L004.realigned.bam.depth.gz
192        79534_ID2376_4-00187_S149_L004.realigned.bam.depth.gz
193        79535_ID2376_5-00194_S150_L004.realigned.bam.depth.gz
194        79536_ID2376_6-00242_S151_L004.realigned.bam.depth.gz
195        79537_ID2376_7-00254_S152_L004.realigned.bam.depth.gz
196        79538_ID2376_8-01124_S153_L004.realigned.bam.depth.gz
197        79539_ID2376_9-01139_S154_L004.realigned.bam.depth.gz
198       79540_ID2376_10-01173_S155_L004.realigned.bam.depth.gz
199       79541_ID2376_11-01174_S156_L004.realigned.bam.depth.gz
200       79542_ID2376_12-01175_S157_L004.realigned.bam.depth.gz
201       79543_ID2376_13-01179_S158_L004.realigned.bam.depth.gz
202       79544_ID2376_14-02710_S159_L004.realigned.bam.depth.gz
203       79545_ID2376_15-02812_S160_L004.realigned.bam.depth.gz
204       79546_ID2376_16-11412_S161_L004.realigned.bam.depth.gz
205       79547_ID2376_17-11513_S162_L004.realigned.bam.depth.gz
206       79548_ID2376_18-11515_S163_L004.realigned.bam.depth.gz
207       79549_ID2376_19-21010_S164_L004.realigned.bam.depth.gz
208       79550_ID2376_20-21315_S165_L004.realigned.bam.depth.gz
209       79551_ID2376_21-21511_S208_L004.realigned.bam.depth.gz
210       79552_ID2376_22-1204a_S167_L004.realigned.bam.depth.gz
211          93090_ID2632_1-200B_S27_L003.realigned.bam.depth.gz
212          93091_ID2632_2-203A_S28_L003.realigned.bam.depth.gz
213          93092_ID2632_3-205S_S29_L003.realigned.bam.depth.gz
214          93093_ID2632_4-221S_S30_L003.realigned.bam.depth.gz
215          93094_ID2632_5-298S_S31_L003.realigned.bam.depth.gz
216           93095_ID2632_6-91S_S32_L003.realigned.bam.depth.gz
217           93096_ID2632_7-87S_S33_L003.realigned.bam.depth.gz
218           93097_ID2632_8-89S_S34_L003.realigned.bam.depth.gz
219          93098_ID2632_9-134S_S35_L003.realigned.bam.depth.gz
220         93099_ID2632_10-130S_S36_L003.realigned.bam.depth.gz
221          93100_ID2632_11-14B_S37_L003.realigned.bam.depth.gz
222         93101_ID2632_12-252S_S38_L003.realigned.bam.depth.gz
223         93102_ID2632_13-270B_S39_L003.realigned.bam.depth.gz
224         93103_ID2632_14-323S_S40_L003.realigned.bam.depth.gz
225         93104_ID2632_15-327S_S41_L003.realigned.bam.depth.gz
226         93105_ID2632_16-344S_S42_L003.realigned.bam.depth.gz
227         93106_ID2632_17-352S_S43_L003.realigned.bam.depth.gz
228         93107_ID2632_18-363S_S44_L003.realigned.bam.depth.gz
229         93108_ID2632_19-383B_S45_L003.realigned.bam.depth.gz
230         93109_ID2632_20-401S_S46_L003.realigned.bam.depth.gz
231         93110_ID2632_21-108S_S47_L003.realigned.bam.depth.gz
232          93111_ID2632_25-13S_S48_L003.realigned.bam.depth.gz
233         93112_ID2632_26-171S_S49_L003.realigned.bam.depth.gz
234         93113_ID2632_27-172S_S50_L003.realigned.bam.depth.gz
235         93114_ID2632_28-177B_S51_L003.realigned.bam.depth.gz
236          93115_ID2632_29-57S_S52_L003.realigned.bam.depth.gz
237          93116_ID2632_30-95S_S53_L003.realigned.bam.depth.gz
238         93117_ID2632_31-187S_S54_L003.realigned.bam.depth.gz
239          93118_ID2632_32-84S_S55_L003.realigned.bam.depth.gz
240          93119_ID2632_33-28S_S56_L003.realigned.bam.depth.gz
241          93120_ID2632_34-34S_S57_L003.realigned.bam.depth.gz
242         93121_ID2632_35-104S_S58_L003.realigned.bam.depth.gz
243          93122_ID2632_36-59S_S59_L003.realigned.bam.depth.gz
244         93123_ID2632_37-198S_S60_L003.realigned.bam.depth.gz
245         93124_ID2632_38-230S_S61_L003.realigned.bam.depth.gz
246         93125_ID2632_39-256S_S62_L003.realigned.bam.depth.gz
247         93126_ID2632_40-105B_S63_L003.realigned.bam.depth.gz
248         93127_ID2632_41-279S_S64_L003.realigned.bam.depth.gz
249         93128_ID2632_42-362S_S65_L003.realigned.bam.depth.gz
250         93129_ID2632_43-379B_S66_L003.realigned.bam.depth.gz
251         93130_ID2632_44-102S_S67_L003.realigned.bam.depth.gz
252          93131_ID2632_46-10S_S68_L003.realigned.bam.depth.gz
253          93132_ID2632_47-44S_S69_L003.realigned.bam.depth.gz
254         93133_ID2632_48-169A_S70_L003.realigned.bam.depth.gz
255         93134_ID2632_49-170S_S71_L003.realigned.bam.depth.gz
256         93135_ID2632_50-174S_S72_L003.realigned.bam.depth.gz
257         93136_ID2632_51-176S_S73_L003.realigned.bam.depth.gz
258         93137_ID2632_52-178B_S74_L003.realigned.bam.depth.gz
259          93138_ID2632_53-93S_S75_L003.realigned.bam.depth.gz
260          93139_ID2632_54-47B_S76_L003.realigned.bam.depth.gz
261          93140_ID2632_55-48B_S77_L003.realigned.bam.depth.gz
262          93141_ID2632_56-49B_S78_L003.realigned.bam.depth.gz
263          93142_ID2632_57-62S_S79_L003.realigned.bam.depth.gz
264          93143_ID2632_58-72S_S80_L003.realigned.bam.depth.gz
265           93144_ID2632_59-9B_S81_L003.realigned.bam.depth.gz
266          93145_ID2632_60-52A_S82_L003.realigned.bam.depth.gz
267         93146_ID2632_61-157A_S83_L003.realigned.bam.depth.gz
268         93147_ID2632_62-166S_S84_L003.realigned.bam.depth.gz
269          93148_ID2632_63-45A_S85_L003.realigned.bam.depth.gz
270         93149_ID2632_64-257S_S86_L003.realigned.bam.depth.gz
271         93150_ID2632_65-335S_S87_L003.realigned.bam.depth.gz
272         93151_ID2632_66-395B_S88_L003.realigned.bam.depth.gz
273         93152_ID2632_67-400S_S89_L003.realigned.bam.depth.gz
274         93153_ID2632_68-109A_S90_L003.realigned.bam.depth.gz
275          93154_ID2632_69-41S_S91_L003.realigned.bam.depth.gz
276          93155_ID2632_70-42S_S92_L003.realigned.bam.depth.gz
277          93156_ID2632_71-43B_S93_L003.realigned.bam.depth.gz
278         93157_ID2632_72-146S_S94_L003.realigned.bam.depth.gz
279         93158_ID2632_73-147S_S95_L003.realigned.bam.depth.gz
280         93159_ID2632_74-148B_S96_L003.realigned.bam.depth.gz
281         93160_ID2632_75-149S_S97_L003.realigned.bam.depth.gz
282          93161_ID2632_76-92S_S98_L003.realigned.bam.depth.gz
283         93162_ID2632_77-180S_S99_L003.realigned.bam.depth.gz
284        93163_ID2632_78-111S_S100_L003.realigned.bam.depth.gz
285        93164_ID2632_79-139S_S101_L003.realigned.bam.depth.gz
286         93165_ID2632_80-75S_S102_L003.realigned.bam.depth.gz
287        93166_ID2632_81-112B_S103_L003.realigned.bam.depth.gz
288         93167_ID2632_82-71S_S104_L003.realigned.bam.depth.gz
289        93168_ID2632_83-106S_S105_L003.realigned.bam.depth.gz
290        93169_ID2632_84-385A_S106_L003.realigned.bam.depth.gz
291        93170_ID2632_22-384S_S107_L003.realigned.bam.depth.gz
292        93171_ID2632_23-393S_S108_L003.realigned.bam.depth.gz
293        93172_ID2632_24-206A_S109_L003.realigned.bam.depth.gz
294        93173_ID2632_45-413A_S110_L003.realigned.bam.depth.gz
295                           ALG1.bb.HiC.realigned.bam.depth.gz
296                          AMM66.bb.HiC.realigned.bam.depth.gz
297                          Berse.bb.HiC.realigned.bam.depth.gz
298                          BIEL4.bb.HiC.realigned.bam.depth.gz
299                          BIEL6.bb.HiC.realigned.bam.depth.gz
300                          BIEL8.bb.HiC.realigned.bam.depth.gz
301                       BODO1808.bb.HiC.realigned.bam.depth.gz
302                           BRT4.bb.HiC.realigned.bam.depth.gz
303                          BRZ15.bb.HiC.realigned.bam.depth.gz
304                          BRZ28.bb.HiC.realigned.bam.depth.gz
305                           BRZ7.bb.HiC.realigned.bam.depth.gz
306                          CUC33.bb.HiC.realigned.bam.depth.gz
307                         ENDI44.bb.HiC.realigned.bam.depth.gz
308                          Eva11.bb.HiC.realigned.bam.depth.gz
309                          Eva13.bb.HiC.realigned.bam.depth.gz
310                          Eva15.bb.HiC.realigned.bam.depth.gz
311                          F3J_1.bb.HiC.realigned.bam.depth.gz
312                          F3J_2.bb.HiC.realigned.bam.depth.gz
313                          FP2_2.bb.HiC.realigned.bam.depth.gz
314                          FP2_3.bb.HiC.realigned.bam.depth.gz
315                          FP2_4.bb.HiC.realigned.bam.depth.gz
316                           G100.bb.HiC.realigned.bam.depth.gz
317                           GAR2.bb.HiC.realigned.bam.depth.gz
318                          GAR24.bb.HiC.realigned.bam.depth.gz
319                           GAR3.bb.HiC.realigned.bam.depth.gz
320                           GAR7.bb.HiC.realigned.bam.depth.gz
321                           GF1a.bb.HiC.realigned.bam.depth.gz
322                        GPlsp1a.bb.HiC.realigned.bam.depth.gz
323                        GRE1408.bb.HiC.realigned.bam.depth.gz
324                         H7long.bb.HiC.realigned.bam.depth.gz
325                         ISEO86.bb.HiC.realigned.bam.depth.gz
326                           KOC3.bb.HiC.realigned.bam.depth.gz
327                           LCH9.bb.HiC.realigned.bam.depth.gz
328                           LLC2.bb.HiC.realigned.bam.depth.gz
329                        MAGG229.bb.HiC.realigned.bam.depth.gz
330                        Magg230.bb.HiC.realigned.bam.depth.gz
331                MikolaskjeIsofB.bb.HiC.realigned.bam.depth.gz
332                            MS1.bb.HiC.realigned.bam.depth.gz
333                            MS2.bb.HiC.realigned.bam.depth.gz
334                       NEUE0208.bb.HiC.realigned.bam.depth.gz
335                            O10.bb.HiC.realigned.bam.depth.gz
336                            O11.bb.HiC.realigned.bam.depth.gz
337                            O12.bb.HiC.realigned.bam.depth.gz
338                            O13.bb.HiC.realigned.bam.depth.gz
339                       SARN0508.bb.HiC.realigned.bam.depth.gz
340                        SEGR196.bb.HiC.realigned.bam.depth.gz
341                          SIHL4.bb.HiC.realigned.bam.depth.gz
342                          Sihl7.bb.HiC.realigned.bam.depth.gz
343                          Sihl8.bb.HiC.realigned.bam.depth.gz
344                            Tc3.bb.HiC.realigned.bam.depth.gz
345                       TJ210181.bb.HiC.realigned.bam.depth.gz
346                       TJ319102.bb.HiC.realigned.bam.depth.gz
347                           TS64.bb.HiC.realigned.bam.depth.gz
348                           TsBr.bb.HiC.realigned.bam.depth.gz
349                          ULCC2.bb.HiC.realigned.bam.depth.gz
350                         ULCN22.bb.HiC.realigned.bam.depth.gz
351                        VARE249.bb.HiC.realigned.bam.depth.gz
352                       WALE0408.bb.HiC.realigned.bam.depth.gz
353                       WALE0608.bb.HiC.realigned.bam.depth.gz
354                         ZPE101.bb.HiC.realigned.bam.depth.gz
355                       ZUGE2108.bb.HiC.realigned.bam.depth.gz
356                       ZUGE2908.bb.HiC.realigned.bam.depth.gz
             mean_depth          sd_depth mean_depth_nonzero
1      19.5904022199623  72.3158493389862   23.1658744799569
2      23.6894528079618  63.9828993765983   26.0848211661111
3      18.1064133583044  48.1468284407682   19.9373764144495
4      27.9630038485586  61.0932500030769   30.9421425937197
5      19.5204567883298  54.5316814028154   21.4758420842703
6      19.5312846631616  95.8146048757545   22.7675605478024
7      21.0241916743016   182.01641636296   26.5201727777429
8      25.6241084318579  158.203990685998   32.0340951127072
9      21.3293968541894  188.222337157536   26.9209020856036
10     19.8705079429963  190.975111774147   25.0705072064129
11     19.1700382441673   105.42820458595    24.230336018779
12     16.3625174925654  56.9969774357023   18.9839241251578
13     21.7920039283746  66.2145123997693   25.0394042238526
14     19.5709957858094  70.5668426926094   22.5650565562764
15      18.667424493355  80.5339704252429   21.8932845359908
16     18.9262676437159  79.1254755368893   22.3971063985893
17     21.2919555543888  64.4889433415672   23.7651404521771
18     23.2613994925901   65.205148522052    25.731890095007
19     19.3174466849575   124.81225955501   24.2631549070271
20     22.0458170369044  49.7630085347421   24.2560883932916
21     27.9712458766188  66.2364543346107   30.7430535663479
22     19.3702403229743  60.6368416299827   21.5406342845239
23     16.8161664496465  58.4618561815485   19.1744744313694
24     19.2518873258305  92.2708039979145   24.4082322689238
25     18.5630450861094  90.8717463556326   23.4843587998629
26     16.0194576501471  65.9074178053917   19.3364985933522
27     20.2920820312693   96.694011220128   25.4542303124812
28     24.8646868952694  44.9740807750864   27.4061419979682
29     23.1356344611604  55.5417563806074   25.5781313375834
30     23.1974437968787   45.088557365613   25.6442018999184
31     20.4930264129134   40.722796487723   22.5400133916362
32     25.1280645906683  62.8509418903186   27.6028883455669
33     31.5704383481789  71.2997296663616   34.5910275579191
34     25.1771659429325  58.7464771172271   27.6663838193849
35     15.4643595392091  50.3046209917624    17.718496108971
36     32.7862892241368  75.3141250303237   35.8726572100838
37     19.2217864566485  79.6399825070805   21.6378813169731
38     25.4243132165562  67.5145774880425   27.9483478609057
39     15.9737507635285  32.6929174616702   17.6649217904347
40     26.3589129201855  47.3679311759044   28.9122857579606
41     15.9845063017512  57.0405878947261   18.2732271778621
42     18.3987005003537  55.2997949933343   21.0237327590746
43     26.3660812447213  76.6470266288633    28.979515420203
44     20.3927666099124  50.6508441280072   22.4436420755856
45     22.8702571955332  52.1507429324247   25.0656321838634
46     22.3230828899149  113.662316781052   28.1026491180465
47     33.9096856055956  69.6579748842856   37.1299452155275
48     27.3125883229092  69.8695612189727   30.4790639218347
49     30.9100543338269  69.2040421626661   34.0406028125606
50     36.9139686103986  100.575064843088   40.3076518889255
51     44.1503256284171  124.678030076142   47.9067309272748
52      19.190557863333  60.5635443431763   21.4299277341467
53     22.8775525429128  135.118760198273   28.0683260387653
54     20.2478489132966    63.41127917044   22.1894525108979
55     34.9769247416276  101.763617747469   38.0912344267354
56     24.4866892039972  77.2278821433334   27.0132239284948
57     20.4685031883456  62.0510483945238   22.5981737061983
58     25.6356053380466  62.8554494236278   28.1723795074628
59     18.5779295922489   167.46219134934   21.9586807960846
60     23.5989657839475  116.478153437683   27.7242332114091
61     16.7721738179886  63.1442194985472   18.5593237433615
62     36.5916492187265  108.336490271133   41.0425123882205
63     40.2023150676313  89.0420919656052   43.7468358627307
64     39.6737243597694  82.5951256400838   43.3284147810946
65     51.3690529241317  123.685375246208   56.0241393034466
66     41.9171684133848  104.313753858627   45.7813870198831
67     55.3219720159047  147.445706500868   60.3893139891895
68     37.7932537691476  90.9923147497836   41.1730611293371
69     49.6815015772559  127.044831104912   53.6518937232677
70     36.0579098675095  96.2975868278466   39.1450761329067
71     34.7819500298242  87.1359342107504   37.8789650803302
72     41.3743895140271  100.368667386089   45.4187386237577
73     32.0222155656054  78.4937938874993   34.9169112194407
74     35.0210473802385  79.1948337328707   38.2008547504308
75     44.1315657213979  101.582212454442   48.1533204043216
76     31.7185231123246  87.7050824736562   35.0812660543718
77     23.6207411223562  72.2826411813472   26.2126771042342
78     35.1831062652889  96.1407616698081   38.8374950670595
79     39.6862079067806  104.562224025405   43.4889236917904
80     30.7255775470879  71.9712705928439    33.607492988873
81     23.4071511617922  289.674671026518   29.3819500541095
82     24.6413741825575  87.9713498735102   27.9772881882988
83     34.1788050267542  96.6566852333903   38.4398531078853
84     37.7917118072427  144.428865923588   41.4267198455726
85     40.4277541565292  108.895347492529   43.9456411979338
86      35.096264387072  107.835280489782   38.9083133639799
87     31.9688376404534  119.721451918272   35.3197645015641
88     40.4005517177128  122.024909057397   44.7313470601947
89     33.6516869133388  73.7975034190625   41.9755235111893
90     28.8909828154778   92.535700552401   32.7202399922205
91      33.390515529365  96.5212657321235    38.030335879916
92      40.352539034395  79.8908532643129   43.8750256467791
93     31.8733137388291  77.0693345525128   35.0836225785829
94     33.7901622093099   74.676876574772   37.0209217297605
95     36.3658127571373  77.8483834989964   40.2901883545588
96     38.7464591185373  84.9837281787595   42.0450103656963
97     31.8968093378123   88.638313006438   34.9302825999425
98     27.2683553320782  69.1670048023821   29.7696423986045
99     42.1806095977706  106.841318371597   46.1204139803098
100    29.9336806727051  69.2295933385824   32.7586995544943
101    34.9606929661591   79.459745117899   38.0959126421517
102    33.4412518146231  94.2197400421197    36.557117281428
103    34.1580830640253   77.147575632033   37.5286272226527
104    36.3557693889773  85.7939669024873   39.5132180984342
105    37.5641134346913  94.0597003806423   40.6956799583132
106    25.2714068569839  63.3238870297553   27.6997992183853
107     29.079039957686  136.749907358234   33.2364299319263
108    37.2867662478708  94.1858513187025   40.6102539378816
109    26.8810825798665  70.7249333361499   29.3769842522441
110    37.1852108776677  97.4329223860292   40.5110126644221
111    30.9686190226492  80.5459176713201   34.1717377524427
112    38.6558836182946  93.0167455845637   42.3607101515359
113    44.2143997012847  106.712454865794   48.3305566550095
114    41.2492925865635   98.438192002002   45.0915601235748
115    25.9352751594232   55.627751687332   28.6013698514319
116    36.9973778129083   83.425413326107    40.395549479432
117    28.5022936358924  65.8211846923666   31.2511691231772
118    24.5019095159383   83.353478804523   27.9688340552978
119    21.5963868701814  98.0779730379689   25.3791470306879
120    21.4401588303113  99.5107637389568   23.9925305788818
121    3.51512769984132  33.8047146161244   4.68132486366891
122    25.0707240897477  119.278868676168   30.8925110684202
123    33.4427785418637  92.1209394576089   36.9941055224342
124    25.0187630706242  91.2737384660077   29.5550669539254
125    31.4226855157286  85.2525915878182   34.2628339784381
126    21.7510970977467  46.3256964390022   28.1934151839515
127     48.396520477512  100.110218224916   52.8923994643298
128     21.829896950548  47.8793330137846   24.1341004729388
129    31.1497285746776  61.8507110255603    34.145274845362
130    41.5516444118421  102.083047580227   45.4586518197441
131    49.3078504844783  113.587475333345   54.1080849304639
132    36.2982099337004  76.9676490301439   39.5103244756362
133    38.1790835286799  86.3147323154328   41.9317975956117
134     34.756069544021  84.1415891883747   38.0550702333592
135    40.0598415735534  82.4761848166461   43.6262581725353
136     47.079734881244  112.974964641133   51.4020661024603
137    37.7310815163569  77.2350027705465    41.120274350007
138    39.0177563487632   87.794729626171   42.5765140975561
139    31.8818807655755  76.9826887455378   35.4263738246372
140     43.407340065644  98.9683617705645   47.1709738335261
141    29.6319394680199  70.0144560884436   32.4571446675839
142    25.4264850873196  110.250343108346   28.3971065881289
143    17.1683594694438  64.9402495335515   19.8600575841508
144    39.2458973655408  94.3564816302228   43.0270754260231
145    29.9012639924821  73.2095744526519   32.8550002518742
146    31.2932931534089  75.8704407083308    34.110142720089
147    28.8565137410532  65.8083529658614   31.8013094592816
148    50.4004232215116  105.856400356345   54.9575261138817
149    5.84884819208448  17.2854012338337   6.79345902392801
150    136.320896330453  275.247424484349   148.454470103154
151    102.564999333774  203.008737476604   110.579360813198
152    27.7399316072024  66.6161210977374    30.494329387791
153    18.1201709480384  89.9813907619966   22.6204427772083
154    15.6771835110349  37.0272191649366   17.2921014264559
155    23.6291323858052    104.7382086901   25.8941621314395
156    16.7503791314806  43.6736732809622   18.4658221400998
157    19.8794642053149  53.7860329070002   21.8298573869191
158    20.8710711618718  101.710377944126   22.9427557927407
159    13.5770214357482  67.1445206157648     15.04976603658
160    20.6933864550687    43.84749975887   26.5352740358203
161    15.4979459679043  39.0876993378844   20.1003948884852
162    12.9283885826866  29.8291992264188   16.9221585026761
163    12.8074303607575  37.9783342950563   16.7168226016794
164    21.0166881871565  147.663638816588   26.0539840594662
165    19.5263540841674  128.581511275002   24.3102902995849
166    15.7520890037643  109.666789221258   19.5683105216281
167    19.7382380914286  134.672774811786   24.6534852777452
168    20.3376935684855  77.8680143009824   22.3474848985108
169    16.3754343487245  116.057230790374   20.4629819791344
170    18.0634241951533  140.067558720877   22.4911403348458
171    13.3192293201512  112.946633879862   16.6713808788827
172    12.3055070685551  88.3430559116071     15.65608775019
173    14.9094958341833  93.6307168316309   18.6494688464367
174    17.3409686547944  112.041736195741   21.6993604359364
175    24.1039933502374  94.1011337362278   26.3797114391187
176    14.1254155241541   77.849339075962   17.8473771348092
177    15.1567444628242  77.6459975520276   19.1460046771998
178    17.8258879154127  107.243454570961   22.3096221341318
179    16.9501833365058  54.1198080127289   18.6441718836119
180    14.4301901695925   51.448398793649   15.9450791796244
181    14.7242838795445  46.1861286623345   16.2893009598578
182    16.6238240290246  106.876252994113   20.8722518440793
183    15.3542933841203  32.9224669452928   19.9399283503259
184    17.2036368411483  41.7505144943798   22.2270368687757
185    12.9127359712601  29.5256036101633   16.9140219533251
186    14.8568521869321  36.4030439146784   19.2878722178924
187     15.296606958351   120.67536984201   19.2856643425346
188     10.589207798365   51.951606454578    13.610166040432
189    35.4309400037543  123.782969321558   38.1631493753652
190    32.1218608739056  97.6302092492674   35.2308418372508
191    34.2123673282884  96.9718429173816   37.0764787478073
192     28.585464625694  85.3696077816997   31.0629408017737
193    30.0587565094708  108.538780690384   32.6660300110613
194    38.3897747148427  93.6838635851089   41.5666230625837
195    32.2676086764797  81.9510074329106    35.011907381614
196    33.8079849115055  97.9920298277205   36.5739515290745
197     41.660766608595   107.01962669509   44.5682869680553
198    24.1266074776905  84.4427105551696   26.5152258298736
199    32.2620366710106   98.123938524483   35.1678913564279
200    28.5133616754433  85.4195753264739    30.790298801172
201    35.2189832261035   97.766060176929   37.9681452907778
202    38.2271995564191  85.5603454620756   41.6471117988665
203    30.7715073519189  80.8208356636301   33.5117072376844
204    40.2561440420506  102.753657473862   43.4730877816077
205    34.1451319691364  100.930431971604   37.1103174592086
206    37.6430967840475  107.734218438329   41.0869499198394
207    21.4400244107629  54.3051999524233   23.2736115150892
208    37.5944730538366  91.0565365354426   40.8644922930694
209    30.9517332709935   78.519368652648   33.4703656557433
210    75.3843923760783  220.934218356233   80.7832110108604
211    6.58920722996317  11.4387100167833   7.68782949546981
212    2.73947608551131  5.62635813783115   3.52348062960796
213    3.69381643607404   8.1380434455338   5.29073026779472
214    1.13091093748067  3.18310871271058   2.04271943629775
215  0.0057910271373572 0.217066181762915   1.17245493749394
216    17.8712605742933  144.540844145562   22.3459164563808
217    21.7278032215702  141.998315885826   24.9155041520031
218    18.4233275106044    146.4617710721   21.4711802496866
219 0.00524050755528728 0.628123355222137   1.68829300731988
220  0.0066947186916669 0.691297517014883    1.5073156603459
221    13.2618816394188  38.6939624146005    14.837387697365
222   0.154710466891815  7.71031191439165    7.0506255596157
223 0.00255344038951903 0.463303295247861   2.65325852127015
224    16.2463123661672  103.150037997426   18.4759500197215
225    17.7051968498082   183.81009111704    21.504646194454
226    18.1552863102701  123.227857809866   21.3108036355077
227    9.69572511436588   116.26747200875   11.6419124947088
228    17.2914874680269  37.8244716670935   22.5986147388491
229    13.6581699173167  108.673684931125   17.4648680352272
230    15.6294267506283  119.383483665471    19.776061378095
231     19.350387483996  39.6276298541583   21.5998793204651
232    17.5134914131549  45.2952380986251   19.4474642579986
233    13.9241509228842  31.0454534809347   15.5007012464145
234    14.8127760824777   40.302008239566   16.4134339515173
235    15.5450802086739  40.0016413909597   17.2781537647599
236    22.4651211303127  57.8120335556899   24.9184098781823
237    24.2620937953917  152.779538120389   29.8660739769462
238    14.2200396532052   67.813356891728   16.1158722447121
239    13.3697235410314  32.5739585066147   15.1363168420182
240    14.2043535883413  30.0381048555322   18.8461047007028
241    17.4232887321403  43.9738500238552   19.2708349594778
242     18.021718012097  40.5178897318697    19.953434322503
243    16.4808254064714  36.9233708386068   21.6271430750072
244  0.0461493575055276 0.481317930756473   1.14935562648931
245    17.3080337192702  104.007688431262   21.6597443198677
246    14.1752815413788  30.3909512471049   18.8041335917144
247    18.2113597687843  48.2022608890693   20.0572068782948
248    27.0519482899157  137.908010783163   31.3361160296354
249    20.0221427578225  38.5007566124816   26.1913173458464
250    6.72296322039455  18.9569101003191   7.82084429989324
251    15.8019749300103  107.207897669131   20.0427155597735
252    17.5603670834565  45.9790008890583    19.462162366743
253    13.2283602777723  33.9637781878031   14.8008121088432
254    16.2997496444353  48.3365938439984   18.1480716407135
255    16.9983871449289  54.3122043018807   19.2661294722283
256    9.84684038002988  37.6598420076274      10.9726143101
257    28.0447672660868  64.6911812575918   30.9649247239242
258     19.722578015989  47.6251855475385    22.083256129854
259    21.5409134943914  138.505054565818   26.8200091692067
260    21.0878223937624  47.0429319235981   23.1915436722106
261    3.37751615771848  15.3511851634427   12.1722688090353
262    21.5869505027927   64.355374913389   23.9018020897551
263    4.56029832179698  8.14147998192706   5.73361669791731
264    21.0291545848875  84.7266019240943   24.9212122015717
265    26.6601106355213  68.1123072748255   29.6603073657717
266    22.4547615512554  59.2846399235792   24.8397074391497
267    28.9581657694789  61.8463727553548   32.0232761817278
268    6.82912161309476  23.4214678435371   7.92416447518389
269    25.9228094347996   72.391566745372   28.7984573115338
270    16.8314838012362  33.2187718422109   22.2219449428748
271    33.9867343246304  79.3213387094069   37.4902753403426
272    25.5733040954428  171.087323507084   31.8017553644254
273    21.0682684593419   135.55347550446   26.3981367644569
274    18.6616112761101  43.4388649922058   20.8069563537745
275    33.7231559684377  81.6735561157742   37.2590996383267
276    14.7911099370458  29.1594649887254   16.4870621548387
277    27.4483037514099  70.0464891876746   30.6347106923108
278    27.1816928893355  186.652452143014   33.8084155512148
279    39.0307208833641  95.3817168141742   43.4806631796576
280     29.112401905067  73.8810919257198   32.5070177023841
281    35.2217483064169  244.511265147208   43.6989769209942
282    37.9251032576668  110.733307734012   41.8121374068493
283     35.245419145173  79.4993294287174   39.0136652971667
284      39.63267527911  95.0921987490837   43.4164549063555
285 0.00536175663439503  1.40576714470905    3.7797607436034
286 0.00395886619755808 0.217413887766689   1.24788535163985
287    63.1094925853186  127.861223966948   68.3965802985146
288    22.9262058449778  50.4646405680691   29.5389239395909
289    41.6310937010959  88.5475749815072   45.5050495921834
290    35.3516918838625   206.75425643392   43.1820327177681
291    20.0880734329058  140.042701329965    25.051232653678
292    19.1752471979437  153.623292866312   23.9102735670715
293    20.9090947519224  46.1548383476736   23.0351119177689
294    12.4167849665382  92.5930560956361   15.8245398934634
295    47.8817528228159  284.268744859115   59.2921874051481
296    41.8965048240278  145.004618506464   45.1791082953434
297    7.20166828621277  51.5948062988577   11.3775653368916
298    36.7304069804768  99.2719725630823   43.9256811191028
299    22.5864444382153  65.2170239207345   29.2397758524344
300    31.8384381299722  82.0195761469988   38.3820522805257
301     31.190956739298  179.230068634016   38.5274160073035
302    16.3981172004429  34.6427744062548   21.5353952911324
303    19.6226814740922  100.901904063106   24.9846233260376
304    23.2159258825588  111.879630966238   28.8638010949466
305    29.2672740822721  251.238406716087   34.9167041201449
306    19.7569346141678  45.4401271344325   24.3655624742429
307     25.590570975465  76.4666011598226   28.1766366983924
308    23.0355748926509  60.1391891352974   29.9005778113004
309    23.6865759544258  62.6234079587178   30.8465437792376
310    23.1345681842533  61.5120609314118   30.0340603524676
311    14.1676542099513  77.2960265068524   20.3859353648599
312    10.7610535527833  69.9874057956082   15.5978356902713
313    14.1090347227085  71.4579174803305   20.2084640339788
314    11.8239808525774   61.626282093305   17.1951220480453
315    12.0760685699593  60.7735898241379   17.5137862825773
316    26.6060481003141  90.5458448249221   28.8700200552016
317    20.1056854450068  94.9281192884944   25.1351675811441
318    47.2932642247498  137.795740826871   50.7059848149031
319     19.242925521594  83.1973674815188   24.1522502253379
320    34.2932061206221  265.651327698338   40.2754154852334
321    20.6177577308781  76.1746857980488   22.6233220368688
322    16.5084656119008  97.4323143182429   21.2299352972599
323    37.7919987828427  128.639904274191   40.7816748519612
324    21.7939651240018  104.170741834947   27.3178285388736
325    21.9062939670011  45.8103136860708   24.2212035659461
326    21.2334526269104  42.8972258864657   23.6685283723985
327    20.7251362728365  110.240758610303   25.9339874713523
328    15.6479216253492  72.2293594172192   19.7306979319109
329    22.3567788780579   115.08236032874   27.9812165114513
330    21.7231578381803  110.726503271583   27.2143057563041
331    16.8600430301106  36.8095601322935   22.0831564806116
332    28.9973089166266  149.043306081968   36.3646397518482
333    22.8305499769076  146.389085186023   28.8110994301855
334    45.6091040228553  306.444446292459   52.4186828279845
335    13.1829007132482  79.6111914021872   18.8995025069043
336    11.3882415332512  64.1341996873649   16.4474170583697
337    10.8328903264533  63.5383576176735   15.7275486099059
338    7.60441286816195  45.5266910752411    11.380567280827
339    16.3830863457981  73.7349224109718     20.57412986917
340    17.6306468624907  33.7004287168573   19.5558823133663
341    28.3025675935943  66.7323377493166   34.3273472716199
342     20.453522824234  62.1120463870717   26.5145035886534
343    22.4852599576667  60.8639273389904   29.0675270879168
344    19.9532424899612  39.6020038256768    26.121454813257
345    22.0108441939464  129.835889028268   28.3839860648917
346    20.5725092902282  124.000376369479    26.563480116095
347    48.7290027438244  107.109785159001   56.5707735065562
348    21.7676291688608  63.9457028536414   28.3241347090458
349    19.8401624291915  55.3060432982626   25.7034351518102
350     22.487385518642  40.7148906138214   24.8057180253753
351     49.425153067615  145.703976148677   53.3557393157605
352    34.6814044179422  308.902001844293   40.5707000459335
353     25.979217300547  151.070200414027   32.3491200362106
354    19.4282236040635  119.053615469678   25.2295423311634
355    47.2159676526117  144.160918611168   50.8877334366921
356    19.3608638696238  44.8536696391842   21.4164885824777
    mean_depth_within2sd median proportion_of_reference_covered
1       18.4343834360392     19               0.845657790165081
2       22.4637634909552     23                0.90817002950125
3       17.0575075635086     17               0.908164293130433
4       26.5541758764323     28                0.90371905448574
5        18.350554656054     18               0.908949540219782
6       18.4654722083426     19               0.857855834934681
7       19.6429952973831     20                0.79276224368893
8       24.0456345282669     26               0.799901116035997
9       19.8638757085631     20               0.792298741935351
10      18.4601247062179     18               0.792584999553356
11      18.0518619900414     19               0.791158580273502
12      15.4251320374287     16               0.861914395816706
13      20.4934198114311     22               0.870308404048002
14      18.3770273945572     19               0.867314280245662
15      17.4796679401302     18               0.852655272563921
16      17.7241832861456     19               0.845031822722777
17      20.0231928826563     21               0.895932241479343
18      22.0214528274639     23               0.903991094579726
19      18.4092460913208     19               0.796163844272505
20      20.8136078854814     21               0.908877667307724
21      26.4981451713493     27               0.909839545257019
22      18.2506454345958     18               0.899241873155574
23      15.6241169844686     16               0.877007946676013
24      18.1022374165102     18               0.788745662271565
25      17.3020134950754     19               0.790442917531061
26      15.0578519997677     16               0.828457001809731
27      19.0254735756158     21               0.797198806727173
28      23.6478769899816     25                0.90726695122257
29      21.8448704909851     22               0.904508392572269
30      22.0454192774324     23               0.904588253025438
31      19.4990129576189     20               0.909184305121917
32      23.7210198956684     24               0.910341855391521
33      29.9963365274305     31               0.912677089320873
34      23.6932182244483     24               0.910027349699755
35      14.4564741955771     14               0.872780592895731
36      31.0680075138732     32               0.913963218061248
37      18.1000249274598     18               0.888339582562127
38      23.9857256903459     24               0.909689307686007
39      15.1936078980089     15                0.90426388257082
40       25.079162383834     26               0.911685542293312
41      15.0622102272702     15               0.874750045307607
42      17.3730894454251     17               0.875139572558255
43      24.8604812500195     26               0.909817878677807
44      19.2866721846629     20               0.908621093725927
45      21.6314075426982     22               0.912414936426652
46      20.8753906960717     23               0.794340874988161
47      32.1894507449658     34               0.913270553154872
48       25.771715242216     27               0.896109814689645
49      29.2192780844666     31               0.908034869535931
50      34.9080675737915     36               0.915805483090974
51      41.6679359661529     44               0.921589195794616
52      18.0747213450066     18               0.895502686775486
53      21.6341607564221     23               0.815066509891478
54        18.93682964448     19               0.912498805608319
55      32.8750129996899     34               0.918240778174376
56          23.074006253     24               0.906470448281748
57      19.1707461422996     20                0.90575917569533
58      24.2142799712909     25               0.909955274855478
59      17.0660885007491     15               0.846040332056743
60      22.2516390417238     23               0.851203551924911
61      15.6680846795654     16               0.903706085949891
62      34.5691053426776     37               0.891554807186442
63      38.0690520498482     40               0.918976521954161
64      37.6879856909271     40                0.91565141628677
65      48.7404425813114     52               0.916909274516471
66      39.8824282846357     42               0.915594112410371
67      52.3098762309395     55                0.91608876407849
68       35.588348959815     37               0.917912167143157
69      46.9245688507915     49               0.925997166726429
70      34.2556441416774     36               0.921135259645046
71      32.7406343406791     34               0.918239185153536
72      39.2105001802495     41               0.910954173711608
73      30.1878286392408     31               0.917097602487183
74      33.2312709281623     35               0.916760831898518
75      41.8591449117854     44               0.916480220903676
76      29.8747596412738     31               0.904144196596661
77      21.8801257209853     21               0.901118990190522
78      33.1135472246661     35                0.90590565134389
79      37.7421760439641     40               0.912558981409611
80      29.3351634906608     31               0.914247830305617
81      21.5702212998977     20               0.796650702852761
82      23.1502524399068     23               0.880763497044819
83      32.2654015411694     35               0.889150250674169
84      35.0434432082431     35                0.91225450501806
85      38.1392709475154     40               0.919949124747981
86      32.8858689687571     34               0.902024820730559
87      30.2680176942269     32                0.90512601348285
88       37.972404598375     40               0.903182094278234
89      30.0499308278429     35                 0.8016978490898
90      27.3425147889027     29               0.882969771075875
91      31.5562335836261     34               0.877996861105754
92      38.3416149168084     41               0.919715451775624
93      30.1931746988432     32               0.908495514322559
94      32.0856025254914     34               0.912731521272378
95      34.5538562294223     37               0.902597238739945
96      36.6953571778876     38               0.921547141540246
97      30.1444847667487     31               0.913156349266513
98      25.7581557842679     26               0.915978598834513
99      39.9674974133994     42               0.914575693439728
100     28.3203737086439     29               0.913762789115333
101     32.9842272215466     34               0.917701940745129
102     31.6746667558975     33               0.914767199973147
103     32.2730089544532     34               0.910187384722879
104     34.3850636945358     36               0.920091329904056
105     35.6628581000276     37               0.923049165738726
106     23.9065508162005     25               0.912331770268266
107       27.53732379803     28               0.874914664940002
108     35.3292733872396     37               0.918161366459471
109     25.3183631993981     26               0.915038873597551
110     35.2178638423675     37               0.917903760779665
111     29.1302408698081     30               0.906264095990739
112     36.6252807247166     39               0.912540972047256
113      41.981865097065     45               0.914833239287765
114     39.1451667273085     41               0.914789651844323
115     24.5995836028712     26                0.90678437061377
116     35.1038289770542     37               0.915877572893193
117     27.0168427621706     28               0.912039275188382
118     23.1587374054026     24               0.876043294028448
119     20.3953261828249     21               0.850950067158169
120     20.1234857171229     20               0.893618068332547
121     3.22450491371206      2               0.750883094467961
122     23.6800395536286     26               0.811546980891947
123     31.5665239501806     33               0.904002896396087
124       23.62195824911     26               0.846513496640955
125     29.7926632883015     31                0.91710701851177
126     19.4520351994633     21                0.77149564732858
127     46.0292017809581     49                0.91499952673071
128     20.7919787545405     22               0.904524988409091
129     29.5881938882303     31               0.912270547411023
130     39.4443725507401     41               0.914053601426724
131     46.5066864626235     49               0.911284340368811
132     34.4752233527026     36               0.918701894136182
133      36.231418482712     38               0.910504336038188
134     32.8023888646233     34               0.913309825232002
135     38.0625119414433     40               0.918250687811054
136     44.4395633966539     47               0.915911332968639
137     36.1139466913007     38               0.917578545201316
138     36.8651216000297     38               0.916415004275877
139     30.2772256626295     32               0.899947618782365
140     41.2385518182547     43               0.920212930494811
141      28.031995320173     29               0.912955830572945
142      23.926412318249     25               0.895389993639285
143     16.2488634506402     17               0.864466751755419
144      37.118423397459     39               0.912120960510494
145     28.3295959608264     30               0.910097816565251
146     29.7374111146098     31               0.917419003790283
147     27.4409443716814     29               0.907400174134379
148     47.7110289884635     51               0.917079548251001
149     5.49153766493497      5               0.860952891815965
150     129.726537271091    142               0.918267373395529
151     98.2426625109468    106               0.927523893966379
152     26.4125255835439     27               0.909675082683017
153     17.1691754536996     18               0.801052885060959
154     14.9649239377814     15               0.906609504790999
155     22.3889602117472     22                0.91252739771475
156     15.9662837353511     16               0.907101725793517
157     18.9792929525517     19               0.910654790499361
158     19.6581650821661     20               0.909702014457868
159     12.7482951208739     12               0.902141694611593
160     18.6988324710136     21               0.779844460137653
161     13.9361050926185     15               0.771026940211131
162     11.5461581873621     12               0.763991696487319
163      11.382798891455     11               0.766140232861654
164     19.9186647509713     22               0.806659286318287
165     18.5826169538506     20               0.803213529889469
166     14.7529938259645     15                 0.8049795094142
167     18.6945324418674     20               0.800626680936145
168     19.3128645339435     20               0.910066330097013
169     15.4476111504822     16               0.800246726768476
170     17.0631625185121     18               0.803135097919775
171     12.5534636587423     13               0.798927780303011
172     11.6426047283588     12               0.785988636810335
173     14.0485288726721     15               0.799459542625618
174     16.4033247528848     17               0.799146532728067
175     22.9345291621646     24               0.913732259955393
176     13.4041221438792     14                0.79145610122195
177     14.3786749119369     15               0.791640068952523
178      16.813529704233     18               0.799022404245088
179     16.0978211214155     16               0.909141121542913
180      13.737422329905     14               0.904993321577986
181     13.9927258412476     14               0.903923619302662
182     15.7373655185821     17               0.796455703639848
183     13.7836933382208     15               0.770027510348054
184     15.4118866553417     17               0.773995964586533
185     11.5147258793818     12               0.763433795160795
186     13.2713931988835     14               0.770269111029753
187     14.4595192309111     15               0.793159451842875
188     10.0554598956384     10               0.778036635769741
189     33.4492396445227     35                0.92840713053479
190      30.418321102936     32               0.911753997315588
191     32.4221778837104     34               0.922751255883781
192     27.0736019233286     28               0.920243347470184
193     28.4003367082966     29               0.920183949481884
194     36.4714072246416     38               0.923572132791345
195      30.665088702557     32               0.921618131933717
196      31.889491911975     33               0.924373317568061
197     39.5366807983051     42                0.93476257318248
198     22.8059602348529     24               0.909915217486385
199     30.5419734991698     32                0.91737193862529
200       27.04393061171     28               0.926050177673429
201     33.3879365515531     35               0.927592932348399
202     36.2845030685183     38               0.917883567557755
203     29.2587770070705     30               0.918231564082008
204     38.1566693427482     40               0.926001489571712
205     32.4338547900365     34               0.920098083414939
206     35.5129047848564     38               0.916181338782492
207     20.2513964609912     21               0.921216047490629
208     35.6737998774146     38               0.919978958363611
209     29.3722617644485     31               0.924750377373923
210     71.5632134663845     75               0.933169051251833
211     6.20731961428015      6               0.857095911641401
212     2.55677454654488      2                0.77749145617302
213     3.28049904309188      3               0.698167596741538
214     1.05520998086626      1               0.553630086141592
215                    0      0               0.004939232163357
216     16.6960240455922     17               0.799755096604673
217     20.4162925062712     19               0.872059545294115
218     17.1751297365165     15               0.858049128942188
219  0.00290620919294817      0             0.00310402728232918
220  0.00425173769424102      0             0.00444148420121208
221      12.336083192863     12               0.893815131741477
222   0.0721509045385579      0              0.0219428000513835
223                    0      0            0.000962379040357066
224     15.2189388282014     13               0.879322164696636
225     16.2683121455026     12               0.823319606828696
226     17.0589724278446     16               0.851928750355476
227     8.67698504725097      7               0.832829238217734
228     15.3237294632405     17               0.765156965055076
229     12.7302885152809     13               0.782036823282504
230     14.6563192311094     15               0.790320501732459
231     18.1837737302681     18               0.895856277570105
232     16.3745524603238     16               0.900553983841474
233     12.8814919553821     13               0.898291677359102
234     13.9648952727394     14               0.902478794274985
235     14.5912024293083     15               0.899695674683665
236      21.294783348628     22               0.901547138847816
237     22.8810809129361     24               0.812363011426252
238     13.2707091480875     13               0.882362396355671
239     12.4268272847301     12               0.883287769447135
240     12.6149278308593     14                 0.7537023599265
241     16.3243811026672     17               0.904127338995852
242      16.985240138053     17               0.903188780478378
243     14.5848363346456     16               0.762043574100957
244   0.0372360922714375      0              0.0401523744626284
245     16.2329167248159     17               0.799087628351858
246     12.4538233243103     13               0.753838589384684
247     17.0736545363327     17               0.907970879459389
248     25.3060299542994     24               0.863283384077653
249     17.8626823347127     19               0.764457262436916
250      6.2004910275015      5               0.859621156309957
251     14.8414721193962     15               0.788414867380791
252     16.5846345227706     17               0.902282426410365
253     12.5402345339689     13                0.89375908433222
254     15.3341825662637     15               0.898153256562393
255     15.9401888063691     16               0.882293829148829
256     9.22446380103307      9               0.897401485347589
257     26.4898035488709     28               0.905694669569784
258     18.6036894899174     19               0.893100994709137
259     20.2978034196835     22               0.803165776659136
260     20.0289206230267     21               0.909289294917908
261     2.97209727927522      0               0.277476303777616
262     20.3347651509125     21               0.903151587555208
263     4.13067990293471      4               0.795361560087041
264     20.0699389784426     21               0.843825509561745
265     25.0814071791527     26               0.898848090370382
266     21.1357339402598     22               0.903986554844282
267     26.9028451692313     28               0.904284920916462
268     6.26974943481979      5               0.861809675263674
269     24.4773537929954     25               0.900145766642102
270     15.0600304197971     17               0.757426221894849
271     32.1355874517369     34               0.906548005211826
272     24.2104921540867     27               0.804147563629441
273     19.8418651336508     22               0.798096799305521
274     17.5772631826981     18               0.896892892877381
275     31.8832798579373     34               0.905098520785168
276     13.8310961400686     14               0.897134358937601
277     25.8741502327999     27                0.89598703990043
278     25.8064468337584     28               0.803991918762339
279     36.7159082230906     39               0.897656981957551
280     27.3163456710557     29               0.895572832045225
281     33.2533249501518     37               0.806008533565832
282     35.9248053392895     37               0.907035746310668
283     33.4863563314022     35               0.903412147428589
284     37.3654916935149     39               0.912849180445375
285  0.00140004513615854      0             0.00141854392330908
286                    0      0             0.00317245986769162
287     59.7930931336976     63               0.922699531319807
288     20.2920023239156     23               0.776135443926893
289     39.3654146366436     41               0.914867560286041
290     33.6186275546308     38               0.818666692115112
291     18.8497943009771     20                0.80187964043979
292     18.0156972140892     19               0.801966867679471
293     19.3837693116613     20               0.907705368507154
294     11.6231923311994     12               0.784653775094416
295     43.8719773628682     51               0.807555850413159
296     39.5071303506528     41               0.927342446649059
297      6.4147452885012      4               0.632970945274334
298     32.8858012837168     38               0.836194363859362
299     20.1826681797784     23               0.772456141668226
300     28.8565223202511     31               0.829513698154351
301     29.0121023696091     32               0.809578216545411
302     14.5724547490223     16               0.761449556823098
303      18.537168536687     20               0.785390326603077
304     21.7511387002294     24               0.804326699944698
305     27.4827023068235     30               0.838202654568045
306     17.7850884062349     19               0.810854854471488
307      24.129032855634     25                0.90821950289493
308     20.7154161248586     23               0.770405677041635
309     21.2168718350642     24               0.767884276564213
310     20.6811386087613     23               0.770277741762377
311     12.7149818121322     11               0.694971996937331
312     9.63056064227008      8               0.689906841337936
313     12.6395570463402     10               0.698174522268756
314     10.6609181364704      9               0.687635762022491
315     10.8645011531275      9               0.689517867531148
316     25.1026837412182     26               0.921580520188166
317     18.9706818824406     21               0.799902581914328
318     44.8407413661404     47               0.932695901625563
319     18.1849246581943     19               0.796734272875585
320     32.3051699314507     35               0.851467469856306
321     19.4107519420082     20               0.911349699097061
322     14.8818675574269     16               0.777603199479894
323     35.4728561190435     37                0.92669069919345
324     20.2176831957543     22               0.797792734257379
325     20.6236048843077     21                0.90442631834366
326     20.0791565472307     21               0.897117568647531
327     19.4345871416529     21               0.799149621543122
328     14.8150505315408     16               0.793074917032782
329     20.8156954877825     23               0.798992383655181
330     20.2434970338165     22               0.798225684414105
331     15.0719238444958     17               0.763479760917039
332      26.943120477005     30               0.797403992298694
333     21.2288280176344     23               0.792422032773569
334      43.005943273656     48                0.87009252354784
335      11.759512217447     10                0.69752633480338
336     10.2322401090345      8               0.692403037682826
337     9.80576612235003      8               0.688784412316513
338     6.81215113384772      5               0.668192778137998
339     15.5069735210658     16               0.796295466684504
340     16.5363776807481     17               0.901552104884612
341     25.4702288347705     27               0.824490379919166
342     18.3805555129281     20               0.771408853869222
343     20.0024474195161     22                0.77355255882824
344     17.6872078274432     20               0.763864135156615
345     20.1484416055436     22               0.775466988449896
346     18.9571323897126     21               0.774465890776269
347     44.1413190583909     49               0.861381234926508
348      19.494177798869     22               0.768518770033546
349     17.5762375829003     19               0.771887582807916
350     21.2657179876866     22               0.906540399098239
351     46.8355563411491     49                0.92633245647882
352     32.6143260910723     36               0.854838698338334
353     24.2595740159258     27               0.803088840483658
354     18.0946580812206     20               0.770058503204201
355     44.6781369846114     47               0.927845758965686
356     18.3401376689311     19                0.90401672501361
     mean_depth_DP10  mean_depth_DP20  mean_depth_DP30
1   26.6898977060935 32.3517949868692 52.4481420079347
2    28.120881611792 32.5391614665098  47.421852821809
3   22.0699589890794 31.1289925216259 59.1293634992218
4   32.7893573417286  35.131139228605 43.8916142582233
5   23.9828110760968  31.582719408376 55.3065168636352
6   26.1530103326673 32.1856553466479  52.611436067275
7   31.0049669961498 36.1274154190236 53.5244648361575
8   37.0009552067763  39.894918693132 47.9910466421245
9   31.5244097718837 36.8003539688489 54.9058234948647
10  29.5019659701127 36.0072535537941 58.9282025785528
11  28.4054087691245 33.1110635104446  52.717316881057
12  21.9381536501499 31.0625074149728  62.399373104511
13  27.7458149795782 32.3131066065815 49.5406043173399
14  25.7555521319131  32.073260873793 53.6340898010897
15  25.3398090216887 31.9955088097641 56.6318520325247
16  26.2040037496011 32.3555770300064 55.1392726250905
17  26.8970986098468 32.4778201651679 50.4992713441919
18  28.6976836780032 33.2221174446118 46.3450830422658
19  28.6720241961702  33.501909261164 49.3045422212321
20  26.1488875327857 31.1189222524731 49.3643543905884
21   32.531495216415 35.0518291327996 44.4144624495202
22  24.3257694763641 32.2266288682272 53.8026976756962
23  22.3976989990799 33.4456095126594 64.0642454561043
24  29.1776663420369 34.7797459144259 50.4530677061673
25  27.6467075530418 33.1636162427136 56.8000933432609
26  23.1725318692843 31.9831805992746 59.8099613965267
27  29.7725306865744 33.9071737492697 49.7294762288458
28  29.1777031776141 32.0480965132926 44.3418465387753
29  27.3087875127344 31.2979496265339 50.0549661805087
30  27.3600009339094 31.0550011542837 46.5129270608762
31  24.3386587007364 29.7284446878829 50.5791650817244
32  29.4285649256956 32.9878587388865 46.4343701664961
33  36.3825998759617 38.2195231942783  44.378112670517
34  29.7657725329217 33.8062541747065 47.1392267381197
35  21.3867925741182 33.5163251336648 61.8604314665454
36  37.7430238678811 39.4921047704003 44.2780267631111
37  24.7653391169148 32.9810098460101 52.2846164612175
38  30.2890632693394 34.8606248304793 45.9283659964803
39  20.0401218101228 30.5548616978944 57.3471749270842
40  30.6426642578123 33.1975480313361 43.5159040959082
41  21.9518490671333 32.4732713462192 62.2164990396775
42  24.5079134493013  32.193098932069 50.0382553865336
43   30.800423437137 33.4043981025714 45.4016577533498
44  24.2227767077483 30.1953310276931  55.551798668954
45  26.8594702277881 30.9815186303042  49.258318799772
46  32.6029103239787 36.0930107116335 48.2323112288973
47  39.1898421905004 41.0427078229648  45.565399964011
48   32.498015523304 35.1369089542542  45.280674497967
49  36.0647962754217 38.0199117782582 44.1943670295844
50  42.3834324121899 44.0542462756735 47.3745936529132
51  50.4932910678881 52.5554128873541 56.8436465802779
52  24.3527117260369 31.2798344309356   55.32082127687
53  32.7460259822286 36.4369844085638  47.121926767172
54   24.583071326281 32.4027389011401 57.0564695297166
55  40.1774868444043  42.069968258821  46.489103655408
56  28.9787026163323  32.798586475548  47.432966376645
57  24.5941725002051 31.1559200929762 58.3978635012234
58  30.0319842183912 32.9715442144907 45.6296163845374
59  27.2045866183133   36.76778055773 57.5756018610392
60  30.9619980213737 34.7707554039619 48.5511501932307
61  20.9647838836213 32.8080449179217 68.0671971758366
62  44.2599441828105 47.0630383586943 50.9748068357647
63   45.933550779146 47.6587106336717 50.0523247963846
64  45.6245211814317 47.7166445609643 50.4668795686501
65  58.7044572382216 60.0356550629922 61.8829373702835
66  48.0354554812794 49.4784421228279 51.8474171744046
67  63.1191503360214 64.4472469001736 66.2213054854552
68  43.2138287197874 44.9437940203377 47.7319069566421
69   56.016329943211 57.4372436008331 59.6176626405714
70  41.3141480573196  43.229872255949 47.0763918114468
71  40.1137715522298 43.1002899250965  47.599985750242
72  47.7938886184368 49.2440426078306 51.3237191788289
73  36.9055253918093 39.0150360506882 44.7193556423861
74  40.3795466666832  42.105052400327 46.0533752086884
75  50.6040355343673 52.1543079281042 54.2687658541214
76  37.0602526029106 38.8679818483736 45.3891210537037
77  28.7328531965535 35.4754160275516   51.75045562004
78  40.9423592559989 42.5419166447176 46.1696509447986
79  45.9382600851554 48.1484593765163 51.2310921869976
80  35.6305249386085 37.8062369168901 43.6668539644425
81  34.8366708258285 40.9598598330874 55.0713122118055
82  31.2593454270035 37.0447741517926 48.1475072438689
83  41.5155068452614 44.3038604242803 48.3486633218299
84  43.8621025992947 46.4857317565703 52.4295466007512
85  46.1360377384205 47.8139191213325 50.3355508977918
86  41.0138951261957  42.447776448948  46.563693066206
87  37.9175508256434   41.31328540889 46.8707902987479
88  47.1810024802782 48.5449690658259 50.5186400374324
89  48.5195559173853 51.9236666927784   55.23625614018
90  35.8525601620762 39.4665643446159 45.6677573953471
91  41.5166980749138 44.9087343103497 49.3549155482496
92  46.0274966858233 47.6340891284671 49.8923463761863
93  37.1313919868294 38.9601737636576 43.9807586386789
94  39.0486802193685 40.7277413096877 44.7088337686473
95  42.5138839049127 43.9251415918874 46.6220166044276
96  44.0960963193678 45.7845913419582 48.7862803810526
97  36.9088463625284 38.9989208292568 45.0914117142172
98  31.6196272203545 34.5114249479355 44.9297438693489
99  48.4848838775407 50.0316099308311 52.4090207582864
100 34.6471514934068 36.9652298686301 44.5058261945538
101 40.0856793036834 41.8920388580369   45.91258721665
102 38.5989912232052 40.6161746427055 45.4711506018538
103 39.6055558058706  41.326634423768 45.1119059366909
104 41.7785574962239 43.5520784606451 47.2362477249093
105 42.6868789323992 44.3809245820686 47.5808859243978
106 29.5338550014968 32.8104018788475 45.8465037772731
107 36.8798523383819 41.9218315784108 48.1287615190321
108 42.6920608829259 44.4834462693449 47.6679086683306
109 31.5873853623094 35.5769724528371 46.5653619581834
110 42.6111709519603 45.0834278777694 48.5052609106016
111 36.1906848891175 38.1236663656338 44.7908997831233
112 44.5894064159727 46.1913413666464 48.7920942975806
113 50.7375864287932 52.1724998648334 54.0774266344133
114 47.3340901035058 48.9154666429217 51.2212120446118
115 30.3755994649323  33.040960439667 44.6215526280525
116 42.5673195738408 44.2956845458809  47.576323059394
117  33.266812312538 35.5699110993703 43.6408823744376
118 31.0567166206945 35.0815627669404 46.0524040801784
119 28.9104268668347 34.2665903454425 49.7519168794526
120 27.3502690295259  33.688663994186  50.742456289337
121 25.7448894834391 71.1615829878533 121.473769080671
122 35.6852363067612 38.6798650250044 45.7939935403206
123 39.0339333583641 40.6035479822228 45.2288789086041
124  32.895330904308 36.1154889448406 45.5097605985527
125 36.1992305756321 38.1855014526896  43.983022797579
126 33.2766467118424 37.3430067949735 49.3154242199154
127 55.4642832772844  56.786171884169 58.5800284207047
128 25.9748103360007 30.0722822093029  48.318529896998
129 36.0919300294358 37.9825017356529 43.4335594283355
130 47.6744491404457 49.1491379857569 51.3235616723146
131 56.7148633366202 58.0424359518211 59.8881722072065
132 41.5287250880333 43.3485004623452   46.75586788006
133  44.076135849723 45.6392855247717 48.6400881628915
134  40.081349206797 41.8545202209861 46.0867900187332
135 45.8499283341155 47.4455242216456 49.7517172156139
136 53.8136221150201 55.1309815301879 57.0351014995176
137 43.1759077615118 44.7750196318113 47.7109060400467
138 44.7171197548275 46.3408775746587 49.1457267046826
139   37.51217498057 39.1819228480352 44.3681922691956
140 49.3783443007776 50.7913862116079 52.8524237068643
141 34.4345767163238 36.7057035193014 43.7230052745487
142 31.0574576253806 34.9564738057052 47.0054692289223
143 23.3837559949785 31.0834367992557 56.2488797300386
144 45.2571558599545 46.8450808885198 49.5835006587035
145 34.8422594672654 36.6366095756603 43.8162147302457
146 36.3671451053684 39.3104595478679 44.7399005545012
147 33.7933049597448 35.8425137012282 42.7990925349851
148 57.4183188177061 58.6983222505611 60.5072670185963
149 18.3988206274414  54.225087902362 96.9096812791616
150 153.834978222974 155.804790098909 157.188403124154
151 114.526713780716 116.080945860934 117.219450334071
152 32.2501241600556 34.5873650916355 43.7004505289473
153 26.9202150933683 31.9790158046784 51.4706572405986
154 20.6607672154001 29.5329312037147 56.3807080337665
155 28.6681636095936 34.1511755671351  46.395390138024
156 21.7402719897306 29.8388063544564 54.6170088641027
157 24.7157537697073 30.7671261690955 47.5342803494075
158 25.8459877783736 32.2159358144672 51.1838421033496
159 19.4019018702425 34.1501159386419 75.1129463111706
160 31.7022395630958 35.7944617820995 47.8232984601717
161 24.7182837684019  33.139903769168 63.9708381755535
162 21.5104735823971 35.3125783597137 69.8656069335401
163 21.6179325193027 37.7828992045515 73.8133868858413
164 30.6046261914941  34.475149884334 47.7055270156806
165 28.6726104157764 32.9586403632584 48.9704340640802
166 23.9772027503048 32.6447935964984 61.9302534547123
167  28.971579299495 33.2992764295894 50.4287275168578
168 25.2218829682204 31.3798373268469 50.5608851391408
169 24.7071031317632 31.9049631130613 58.2216268300675
170 26.9521636746878 32.5767968720145 52.3297898236834
171 21.0198010521502 33.3437727947199 70.9884763016719
172 19.9269677390258 34.4320406347483 71.8048930249296
173  22.897400432952 31.7653136116515 64.3596107326092
174 26.0021607174305 31.9471332092277 53.1433539954216
175 28.9043420684193 33.7464305677621 45.4734056216937
176 21.8838322508281 31.8777739282427 64.9750660554109
177 23.2593885518067 31.0320679104526 59.3220468641609
178 26.5857241231445 32.6618941136126 55.1727634830735
179 21.7732484182826 30.2253790026195 57.9507128551982
180 19.6238508255473 31.2525020972668 65.2438379712516
181 19.9943892764564 30.5756319464039 63.7704316605566
182 25.0223399156409 31.6616157918468 57.8571946947926
183 24.4908761258539 32.5577450460493 62.7093077247706
184 26.8588096269974 33.3736610782883 59.4154514582137
185 21.4584095062627 35.3061201063189 70.5954490640831
186 23.7428744913075 33.7393335619145 68.6263054770379
187 23.5461976917634 31.6892304111912 59.7864599951643
188 18.1749272308829 37.2866884586667 68.1408105546188
189 40.2812327272928 42.4979775313912 46.8862105144419
190 37.4436834162782 39.5362422202053 45.1341625664874
191 39.2269309745197 41.2994294402372 45.7226876180507
192 33.2296328799985 36.0939941568025 44.5075054463865
193 34.8740023823987 37.4628665054185   44.63304104839
194 43.8063139989616 45.6234780188006 48.6966713954789
195  37.177581890351 39.4097550117634 44.8827021934882
196 38.7705082869802 40.9832440809665 45.7586443797218
197 47.3666643778279 49.2030255844807 51.7459158679637
198  28.733468156816 32.6042308448566 45.6568932816838
199 37.3984913958596 39.6438451998582 45.3250206640476
200  33.228424151205 36.0233790690908 44.0284586281963
201 40.3613424484807 42.3558684423691 46.3120028798779
202 43.9848493668582 45.7694030689716 48.7285335869313
203 35.7029039513425 38.0945786041428 44.3490279539322
204 45.8208803357093 47.7385222813981 50.5224932661961
205 39.4182116130462 41.5891324044694 45.9916659840748
206 43.4072480791601 45.1429155114537 48.1326826555162
207 25.5147211264397 30.7840705036019 49.2508463810191
208 43.2456273394326 45.2138821435276 48.3123761402997
209 35.5929968892351 38.0469776236351 43.7340661223471
210 84.1835429071589 85.7082951073815 87.3921964406776
211 16.2315910752446 43.0266842210441 75.3276432844482
212 21.7567432761177 52.9625653553999 85.8422360869104
213 21.2977510797911 46.0145987862171 69.3978090068571
214 32.0237246566383 73.3105597490963 110.434258001031
215 46.5306345733042 58.6042136945071 63.4766839378238
216 26.8386964787183 34.3891837860169 58.1940077917796
217 28.9551763348816 36.2928075739778 51.1009844782421
218 26.9423957731178   36.98860094613 55.8785444273331
219 98.9595257563369 132.253833049404  148.42997382199
220 117.056319290466  143.23719376392 157.090909090909
221 18.1505707250261 39.0230229294923 72.3001349786892
222  31.928335911036 68.0041954393618 119.469655237914
223 74.3936758893281  106.70332326284 119.303072625698
224 24.5465896185461   34.64651360296 54.9158256321171
225 29.6208495548048 41.0135473943176 61.5760418869226
226  25.933349913987 34.3554243713537 55.0174243749181
227 22.2189338459676 49.8630660565359 91.1921001250972
228 26.9933173515113 33.8241810318916 60.0590707648072
229 21.4025857637877 35.6237060641773 74.9482625183956
230  23.866493085004 33.8625984875095 65.9099766993751
231 24.1860510287395  31.672682621776 51.6877445009497
232 22.9405820648858 32.0386041715396 57.7348979233228
233 19.4636819825028 35.5072496882691 66.8350385372408
234 19.0139450313923  33.610105423222 66.0437978848186
235 19.7287430252296 33.0982532354929 65.4076422865741
236 26.8706318843513 31.6769721552447 48.6887451976989
237 34.7742985291619 38.5505727680986  47.732410702489
238 20.7504615712812 35.5254857284763 67.4804743844425
239 19.2169712464068 35.1220987110062 66.2434565458412
240  22.975135678741 33.8076947710083 69.2876304839523
241 21.9628091962687 31.5253911063863 62.1267457620803
242 22.0537321207248 30.3083393790886 59.3480744947639
243 25.8149321105879  33.627767801801 65.8991236669645
244 32.5773809523809 68.8163672654691 109.384325546345
245 25.6406885180591 32.8730034017518 60.6176431772351
246 23.5656482219185 34.9574980671436 67.2597925779511
247 22.1361767015309 31.4353191163678 61.9082220375571
248 35.7099595198277 41.6544974326078 50.8241873475588
249 31.1930093940646 35.8189493281803 49.1838826840082
250 17.8379126391296 46.4435517461177 81.9863383518451
251 23.8217070140753 32.9905790511238 65.1387230069428
252 21.4920130439039 30.6885189095235 61.2916133181116
253 17.7009379900387 35.3559471555987 65.5381197017462
254 20.4070177061327 32.5353326575912 65.2558300931024
255 21.1329230916142 31.8011396271955 65.6885704948318
256  16.724579602097 46.0761212790526 85.5205146311618
257 32.8760772253278 35.2314864536125 43.9543123122969
258 24.0418140560525 30.5290631755818 55.2853462550029
259 31.2732865450059 35.0060102589106 48.0984110405662
260 25.0713785281883 30.3569945247175 50.6735299915583
261 20.6056745005943 30.8786488266358 60.3731046106079
262 25.7444037324126 30.9861533113166 53.4909303617425
263 17.7027821915413 43.4193141325089 67.4175573853955
264 28.1582588727046 32.7712034049537 48.2539210208115
265 31.5968598078294 34.1086211956226 45.7754802118151
266 26.6730573753427 31.1119932820765 52.2464651752577
267 34.9700355446456 38.2578205149958 46.3548711292713
268 18.7485122023727 46.5314250684054 76.6164875112786
269 30.6397399025841 33.4197155692546 46.1888374942599
270 26.4108551181663 32.7418173830912  58.578141699333
271 39.5593696980531 41.3099974913514 45.5297954006002
272 36.5105109289679 39.2923224789144 46.2119604166671
273 30.6526870884065 34.3522476693981 49.4955733033388
274 22.6479129282376 30.5276923613709 59.4135272551734
275 39.2980915179116 40.9799529515602 44.9288120788082
276 20.0352165766435  32.401617841736 60.8446547344334
277 32.5578175810528 34.6625261448874 45.1260930865641
278 38.5706550435257 41.1130665018839 47.4222040350916
279 45.8683561514703 47.2850413523354 49.7243387559192
280 34.5727294948861 36.7272307927826 44.9732206960795
281 49.4941857518723 52.3439364617671   55.43999568389
282 44.6748272848648 47.6190163193291 52.0634523559979
283 40.9987569815515 42.5215208503645 45.6913717422498
284  45.478969338552  46.935000880773  49.243822790939
285 168.713911620295 235.097332709406 261.333157894737
286 46.4687664041995 56.3732782369146 64.4860869565217
287 71.2542245901013 72.5230414408952 74.0804700465097
288 34.4576949789568 37.8922486946857 49.6916529310968
289 47.5322140581329 49.1018137717657 51.6585987354095
290 48.8789983234573 51.5749417556175 54.2122919589342
291 29.1519011917298 33.7558805479079 54.2934092410778
292 28.0761313880045 33.8675664050207  54.914510687066
293 25.7103035759094 32.2435270171901 54.1553255082218
294 20.0443540818836 38.3122755598293 75.4278218073986
295 66.6538730912383  69.760260589541 72.4951601376404
296 47.6213142399161    49.2927144228 51.9094646575927
297 19.4508076889046 54.7877420535637 92.3605399883921
298 52.5265039593968 55.8197575332502 59.0270694844855
299  34.179873673232 37.8059362635849 49.8435972172202
300 46.7851505522139 50.5498514828901 54.9167182433549
301 43.6374446774906 46.4562474598956  50.372047033345
302 25.6756556507891 32.8628018834492 64.2226271661752
303 28.7120195644755 32.9036873707651 51.4007321536393
304 33.6257971142363 36.8279490005661 47.0256225768563
305 41.6650740821175 44.9084028780276 49.5116939767023
306 30.7200373027891 35.6629719751413 49.5465445313503
307 29.9341252799187 32.9448242720086 46.7910010561565
308 35.0796976023513  38.568867795863 47.9870455771128
309 36.0392089760257 39.4000406687037  48.355226796022
310 35.2575677025161 38.9232999053992 49.0729272200879
311 26.5689426895669 35.6436709826966 71.9300524280723
312  21.658542524902 44.2785863629733 83.4859195935464
313 26.4613234615141 35.9977565092097 72.3280248969905
314 23.2339743007672 36.9146445251214  77.088424396322
315 23.4920642853675 36.7587779408407 76.6337525529096
316 30.8108395914447 33.7792402766973  44.956908094524
317 29.0495019096932 33.3500868314493 52.2809496147956
318 53.3273439329843 54.8625686245753  57.272520210312
319 27.9804897065574 33.0693618582815 52.8820733101211
320 48.0187069408507 51.3172383471601 54.9992298559473
321 24.6212063488695 30.4662310867317 56.5606581515501
322 25.1720073944075 35.4175452774185 77.3215343303652
323 43.0746263178231 44.9880399460515 48.5477185956315
324 31.7232381642587 35.5116405457135 50.0412184759213
325 26.1741423170294 30.9382462242716 51.5438579041789
326 25.4889354991511 30.2229611098251 51.3622273632374
327 30.3216218490516 34.3159220658303 48.3195978726128
328 23.4163517689208 31.9837255192919 61.6287309780335
329 32.3457862109165 35.7356602474617 48.3646987940446
330 31.5374335919967 35.3273472171169 49.3390667837507
331 26.1594736287361 32.8817080029163 62.0668694631773
332 41.3904985976687 44.1120755828221 49.0756923350691
333 33.1465286474687 36.4206937205699 49.0340360565733
334 61.7379924680653 65.0625870970769 68.3070021526688
335 25.0144269906941 37.5490597860649 80.0586706519947
336 22.6341935064322 39.7700742283516 79.2471037047757
337 21.7910601875237 39.7515994601429  78.834121185222
338 19.5607857828987 52.7240734468668 83.4467327695954
339  24.220556153136 31.7127858373886  59.628033165168
340 21.6483937739464 30.5760096656449 59.8221686507307
341 41.9907744318474 45.9049204957304 51.1771188144502
342 31.3499677961053 35.9001249296247 53.4624345251452
343 33.8865577166188 37.6057584488128 50.4781049016497
344  30.597627858529 34.7409437819721 52.1906640133976
345  32.519756244297 36.3362797937063 53.1677270334416
346 30.9191459480866  34.903478913444 53.4518563224225
347 68.1251441093875 72.6520131332035 76.3918587064902
348 33.2106213447025 37.0801074614389 50.6541494783927
349  30.302465252691 35.5636519519001 57.7278996793562
350 26.5361311687117 30.6122265375622 48.9656439251758
351 56.1662176029737  57.598833117044 59.7569195203836
352 48.5188692498675 51.8031427047168  55.431062337965
353 37.1306551158969 40.1901815629629 47.2113588474205
354 29.0476522135225 33.3524476671121 54.3784100745269
355 53.5118162852234 55.0489346221551 57.3811837667207
356 23.4004564020589 29.9773701755632 55.6482497201862
[Wed Oct 11 12:05:42 2023]
Finished job 0.
1 of 1 steps (100%) done
Depth file does not exist
Population pair file for 2Dsfs and fst does not exist
Population combination file for Dstats does not exist
